<?xml version="1.0" encoding="UTF-8"?>
<testsuite xmlns:xsi="http://www.w3.org/2001/XMLSchema-instance" xsi:noNamespaceSchemaLocation="https://maven.apache.org/surefire/maven-surefire-plugin/xsd/surefire-test-report-3.0.xsd" version="3.0" name="com.redis.core.RedisStoreTest" time="3.111" tests="37" errors="0" skipped="0" failures="0">
  <properties>
[...]
</properties>
  <testcase name="ttl_returns_minus_two_for_missing_key" classname="com.redis.core.RedisStoreTest" time="0.022"/>
  <testcase name="evictExpiredKeys_does_not_remove_live_keys" classname="com.redis.core.RedisStoreTest" time="0.062"/>
  <testcase name="del_on_missing_key_returns_zero" classname="com.redis.core.RedisStoreTest" time="0.001"/>
  <testcase name="ttl_returns_minus_one_for_key_with_no_expiry" classname="com.redis.core.RedisStoreTest" time="0.001"/>
  <testcase name="del_removes_existing_key" classname="com.redis.core.RedisStoreTest" time="0.001"/>
  <testcase name="expire_returns_false_for_missing_key" classname="com.redis.core.RedisStoreTest" time="0.001"/>
  <testcase name="keys_exact_match" classname="com.redis.core.RedisStoreTest" time="0.009"/>
  <testcase name="set_and_get_basic_value" classname="com.redis.core.RedisStoreTest" time="0.002"/>
  <testcase name="keys_with_prefix_wildcard" classname="com.redis.core.RedisStoreTest" time="0.001"/>
  <testcase name="exists_returns_false_for_expired_key" classname="com.redis.core.RedisStoreTest" time="0.203"/>
  <testcase name="set_ignores_null_key" classname="com.redis.core.RedisStoreTest" time="0.001"/>
  <testcase name="set_overwrites_existing_value" classname="com.redis.core.RedisStoreTest" time="0.0"/>
  <testcase name="ttl_returns_minus_two_after_expiry" classname="com.redis.core.RedisStoreTest" time="0.205"/>
  <testcase name="exists_returns_true_for_present_key" classname="com.redis.core.RedisStoreTest" time="0.0"/>
  <testcase name="keys_returns_empty_list_when_no_match" classname="com.redis.core.RedisStoreTest" time="0.001"/>
  <testcase name="del_multiple_keys_removes_all" classname="com.redis.core.RedisStoreTest" time="0.001"/>
  <testcase name="type_returns_none_for_expired_key" classname="com.redis.core.RedisStoreTest" time="0.205"/>
  <testcase name="evictExpiredKeys_removes_expired_entries" classname="com.redis.core.RedisStoreTest" time="0.205"/>
  <testcase name="del_returns_count_of_deleted_keys" classname="com.redis.core.RedisStoreTest" time="0.001"/>
  <testcase name="keys_excludes_expired_keys" classname="com.redis.core.RedisStoreTest" time="0.204"/>
  <testcase name="set_without_ttl_never_expires" classname="com.redis.core.RedisStoreTest" time="0.204"/>
  <testcase name="dbSize_returns_correct_count" classname="com.redis.core.RedisStoreTest" time="0.0"/>
  <testcase name="keys_star_returns_all_keys" classname="com.redis.core.RedisStoreTest" time="0.0"/>
  <testcase name="exists_returns_false_for_missing_key" classname="com.redis.core.RedisStoreTest" time="0.0"/>
  <testcase name="set_allows_empty_string_value" classname="com.redis.core.RedisStoreTest" time="0.0"/>
  <testcase name="ttl_returns_remaining_seconds" classname="com.redis.core.RedisStoreTest" time="0.102"/>
  <testcase name="type_returns_string_for_existing_key" classname="com.redis.core.RedisStoreTest" time="0.001"/>
  <testcase name="type_returns_none_for_missing_key" classname="com.redis.core.RedisStoreTest" time="0.0"/>
  <testcase name="get_returns_null_after_ttl_expires" classname="com.redis.core.RedisStoreTest" time="0.205"/>
  <testcase name="dbSize_does_not_count_expired_keys" classname="com.redis.core.RedisStoreTest" time="0.206"/>
  <testcase name="get_returns_null_for_missing_key" classname="com.redis.core.RedisStoreTest" time="0.001"/>
  <testcase name="exists_returns_false_for_null_key" classname="com.redis.core.RedisStoreTest" time="0.0"/>
  <testcase name="keys_handles_regex_special_chars_in_pattern" classname="com.redis.core.RedisStoreTest" time="0.0"/>
  <testcase name="flushAll_clears_all_keys" classname="com.redis.core.RedisStoreTest" time="0.0"/>
  <testcase name="keys_question_mark_matches_single_char" classname="com.redis.core.RedisStoreTest" time="0.0"/>
  <testcase name="expire_sets_ttl_on_existing_key" classname="com.redis.core.RedisStoreTest" time="1.105"/>
  <testcase name="get_returns_value_before_ttl_expires" classname="com.redis.core.RedisStoreTest" time="0.104"/>
</testsuite>