<?xml version="1.0" encoding="UTF-8"?>
<testsuite xmlns:xsi="http://www.w3.org/2001/XMLSchema-instance" xsi:noNamespaceSchemaLocation="https://maven.apache.org/surefire/maven-surefire-plugin/xsd/surefire-test-report-3.0.xsd" version="3.0" name="com.redis.commands.CommandHandlerTest" time="1.752" tests="30" errors="0" skipped="0" failures="0">
  <properties>
[...]
</properties>
  <testcase name="existsReturnZeroForMissingKey" classname="com.redis.commands.CommandHandlerTest" time="0.008"/>
  <testcase name="unknownCommandReturnsError" classname="com.redis.commands.CommandHandlerTest" time="0.005"/>
  <testcase name="delNonExistentKey" classname="com.redis.commands.CommandHandlerTest" time="0.001"/>
  <testcase name="keysWildcard" classname="com.redis.commands.CommandHandlerTest" time="0.001"/>
  <testcase name="ttlNoExpiry" classname="com.redis.commands.CommandHandlerTest" time="0.001"/>
  <testcase name="commandsAreCaseInsensitive" classname="com.redis.commands.CommandHandlerTest" time="0.001"/>
  <testcase name="ttlMissingKey" classname="com.redis.commands.CommandHandlerTest" time="0.0"/>
  <testcase name="dbSizeReturnsCount" classname="com.redis.commands.CommandHandlerTest" time="0.0"/>
  <testcase name="echoNoArgsReturnsError" classname="com.redis.commands.CommandHandlerTest" time="0.001"/>
  <testcase name="commandReturnsArray" classname="com.redis.commands.CommandHandlerTest" time="0.002"/>
  <testcase name="setWithPxExpiry" classname="com.redis.commands.CommandHandlerTest" time="0.605"/>
  <testcase name="expireInvalidSeconds" classname="com.redis.commands.CommandHandlerTest" time="0.001"/>
  <testcase name="expireOnExistingKey" classname="com.redis.commands.CommandHandlerTest" time="0.001"/>
  <testcase name="flushAllClearsStore" classname="com.redis.commands.CommandHandlerTest" time="0.001"/>
  <testcase name="setAndGet" classname="com.redis.commands.CommandHandlerTest" time="0.001"/>
  <testcase name="pingReturnsOk" classname="com.redis.commands.CommandHandlerTest" time="0.0"/>
  <testcase name="delExistingKeys" classname="com.redis.commands.CommandHandlerTest" time="0.0"/>
  <testcase name="echoReturnsMessage" classname="com.redis.commands.CommandHandlerTest" time="0.0"/>
  <testcase name="pingWithMessageEchoes" classname="com.redis.commands.CommandHandlerTest" time="0.001"/>
  <testcase name="typeReturnsString" classname="com.redis.commands.CommandHandlerTest" time="0.0"/>
  <testcase name="existsCountsExistingKeys" classname="com.redis.commands.CommandHandlerTest" time="0.0"/>
  <testcase name="dbSizeEmptyStore" classname="com.redis.commands.CommandHandlerTest" time="0.0"/>
  <testcase name="keysNoMatch" classname="com.redis.commands.CommandHandlerTest" time="0.0"/>
  <testcase name="keysWithPattern" classname="com.redis.commands.CommandHandlerTest" time="0.001"/>
  <testcase name="ttlWithExpiry" classname="com.redis.commands.CommandHandlerTest" time="0.001"/>
  <testcase name="commandCountReturnsInteger" classname="com.redis.commands.CommandHandlerTest" time="0.0"/>
  <testcase name="expireOnMissingKey" classname="com.redis.commands.CommandHandlerTest" time="0.0"/>
  <testcase name="getReturnsNullForMissingKey" classname="com.redis.commands.CommandHandlerTest" time="0.001"/>
  <testcase name="setWithExExpiry" classname="com.redis.commands.CommandHandlerTest" time="1.103"/>
  <testcase name="setOverwritesExistingValue" classname="com.redis.commands.CommandHandlerTest" time="0.0"/>
</testsuite>